<?xml version="1.0" encoding="UTF-8"?>
<!-- Generated by org.testng.reporters.JUnitReportReporter -->
<testsuite hostname="DESKTOP-VB17V6E" failures="0" tests="1" name="MavenProjPackage1.SampleTestNGTest1" time="0.033" errors="0" timestamp="2023-01-01T12:40:21 IST" skipped="0">
  <testcase classname="MavenProjPackage1.SampleTestNGTest1" name="verifyHomePageTitle" time="0.033"/>
  <system-out/>
</testsuite> <!-- MavenProjPackage1.SampleTestNGTest1 -->
